============================= test session starts ==============================
platform darwin -- Python 3.12.12, pytest-9.0.2, pluggy-1.6.0
rootdir: /Users/randa/Documents/GitHub/interpolator
configfile: pyproject.toml
plugins: anyio-4.12.0, cov-7.0.0
collected 15 items

backend/tests/test_data.py ..                                            [ 13%]
backend/tests/test_main.py ..........                                    [ 80%]
backend/tests/test_model.py ...                                          [100%]

================================ tests coverage ================================
______________ coverage: platform darwin, python 3.12.12-final-0 _______________

Name                           Stmts   Miss  Cover   Missing
------------------------------------------------------------
backend/fivedreg/__init__.py       0      0   100%
backend/fivedreg/data.py          34      4    88%   37, 39, 41, 43
backend/fivedreg/main.py         106     16    85%   91, 99, 105-106, 128-129, 163, 218-221, 257, 270-273
backend/fivedreg/model.py         59      1    98%   95
backend/fivedreg/version.py       13     13     0%   4-34
------------------------------------------------------------
TOTAL                            212     34    84%
============================== 15 passed in 8.67s ==============================
